<?xml version="1.0" encoding="UTF-8"?>
<testsuites tests="1" failures="0" disabled="0" errors="0" time="0." timestamp="2026-06-10T13:00:26.797" name="AllTests">
  <testsuite name="CalculatorServiceMockTest" tests="1" failures="0" disabled="0" skipped="0" errors="0" time="0." timestamp="2026-06-10T13:00:26.797">
    <testcase name="LogsSuccessWhenExpressionIsValid" file="/workspace/tests/CalculatorMockTest.cpp" line="14" status="run" result="completed" time="0." timestamp="2026-06-10T13:00:26.797" classname="CalculatorServiceMockTest" />
  </testsuite>
</testsuites>
