<?xml version="1.0" encoding="UTF-8"?>
<testsuites tests="1" failures="0" disabled="0" errors="0" time="0." timestamp="2026-06-10T13:00:26.674" name="AllTests">
  <testsuite name="CalculatorTest" tests="1" failures="0" disabled="0" skipped="0" errors="0" time="0." timestamp="2026-06-10T13:00:26.674">
    <testcase name="MultipliesByZero" file="/workspace/tests/CalculatorTest.cpp" line="16" status="run" result="completed" time="0." timestamp="2026-06-10T13:00:26.674" classname="CalculatorTest" />
  </testsuite>
</testsuites>
