<?xml version="1.0" encoding="UTF-8"?>
<testsuites tests="1" failures="0" disabled="0" errors="0" time="0." timestamp="2026-06-10T13:00:26.744" name="AllTests">
  <testsuite name="ExpressionParserTest" tests="1" failures="0" disabled="0" skipped="0" errors="0" time="0." timestamp="2026-06-10T13:00:26.744">
    <testcase name="IgnoresSpaces" file="/workspace/tests/ExpressionParserTest.cpp" line="11" status="run" result="completed" time="0." timestamp="2026-06-10T13:00:26.744" classname="ExpressionParserTest" />
  </testsuite>
</testsuites>
