<?xml version="1.0" encoding="UTF-8"?>
<testsuites tests="1" failures="0" disabled="0" errors="0" time="0." timestamp="2026-06-10T13:00:26.761" name="AllTests">
  <testsuite name="ExpressionParserTest" tests="1" failures="0" disabled="0" skipped="0" errors="0" time="0." timestamp="2026-06-10T13:00:26.761">
    <testcase name="HandlesNegativeLeftOperand" file="/workspace/tests/ExpressionParserTest.cpp" line="16" status="run" result="completed" time="0." timestamp="2026-06-10T13:00:26.761" classname="ExpressionParserTest" />
  </testsuite>
</testsuites>
