<?xml version="1.0" encoding="UTF-8"?>
<testsuites tests="1" failures="0" disabled="0" errors="0" time="0." timestamp="2026-06-10T13:00:26.727" name="AllTests">
  <testsuite name="ExpressionParserTest" tests="1" failures="0" disabled="0" skipped="0" errors="0" time="0." timestamp="2026-06-10T13:00:26.727">
    <testcase name="EvaluatesAdditionExpression" file="/workspace/tests/ExpressionParserTest.cpp" line="6" status="run" result="completed" time="0." timestamp="2026-06-10T13:00:26.727" classname="ExpressionParserTest" />
  </testsuite>
</testsuites>
