<?xml version="1.0" encoding="UTF-8"?>
<testsuites tests="1" failures="0" disabled="0" errors="0" time="0.002" timestamp="2026-06-10T12:33:16.137" name="AllTests">
  <testsuite name="CalculatorServiceMockTest" tests="1" failures="0" disabled="0" skipped="0" errors="0" time="0.002" timestamp="2026-06-10T12:33:16.137">
    <testcase name="LogsFailureWhenExpressionIsInvalid" file="/workspace/tests/CalculatorMockTest.cpp" line="23" status="run" result="completed" time="0.002" timestamp="2026-06-10T12:33:16.137" classname="CalculatorServiceMockTest" />
  </testsuite>
</testsuites>
