<?xml version="1.0" encoding="UTF-8"?>
<testsuites tests="1" failures="0" disabled="0" errors="0" time="0." timestamp="2026-06-10T12:48:06.962" name="AllTests">
  <testsuite name="NominalExpressions/ExpressionParameterizedTest" tests="1" failures="0" disabled="0" skipped="0" errors="0" time="0." timestamp="2026-06-10T12:48:06.962">
    <testcase name="EvaluatesExpression/expr_10_4" value_param="40-byte object &lt;00-22 C4-C9 04-5B 00-00 04-00 00-00 00-00 00-00 31-30 2D-34 00-00 00-00 00-00 00-00 00-00 00-00 06-00 00-00 00-00 00-00&gt;" file="/workspace/tests/CalculatorParameterizedTest.cpp" line="14" status="run" result="completed" time="0." timestamp="2026-06-10T12:48:06.962" classname="NominalExpressions/ExpressionParameterizedTest" />
  </testsuite>
</testsuites>
