<?xml version="1.0" encoding="UTF-8"?>
<testsuites tests="1" failures="0" disabled="0" errors="0" time="0." timestamp="2026-06-10T12:33:16.187" name="AllTests">
  <testsuite name="NominalExpressions/ExpressionParameterizedTest" tests="1" failures="0" disabled="0" skipped="0" errors="0" time="0." timestamp="2026-06-10T12:33:16.187">
    <testcase name="EvaluatesExpression/expr_1_2" value_param="40-byte object &lt;60-09 00-00 40-50 00-00 03-00 00-00 00-00 00-00 31-2B 32-00 BE-BE BE-BE BE-BE BE-BE BE-BE BE-BE 03-00 00-00 BE-BE BE-BE&gt;" file="/workspace/tests/CalculatorParameterizedTest.cpp" line="14" status="run" result="completed" time="0." timestamp="2026-06-10T12:33:16.187" classname="NominalExpressions/ExpressionParameterizedTest" />
  </testsuite>
</testsuites>
