<?xml version="1.0" encoding="UTF-8"?>
<testsuites tests="1" failures="0" disabled="0" errors="0" time="0." timestamp="2026-06-10T13:00:26.892" name="AllTests">
  <testsuite name="NominalExpressions/ExpressionParameterizedTest" tests="1" failures="0" disabled="0" skipped="0" errors="0" time="0." timestamp="2026-06-10T13:00:26.893">
    <testcase name="EvaluatesExpression/expr_20_5" value_param="40-byte object &lt;90-81 58-5D 1A-5B 00-00 04-00 00-00 00-00 00-00 32-30 2F-35 00-00 00-00 00-00 00-00 00-00 00-00 04-00 00-00 00-00 00-00&gt;" file="/workspace/tests/CalculatorParameterizedTest.cpp" line="14" status="run" result="completed" time="0." timestamp="2026-06-10T13:00:26.893" classname="NominalExpressions/ExpressionParameterizedTest" />
  </testsuite>
</testsuites>
