<?xml version="1.0" encoding="UTF-8"?>
<testsuites tests="1" failures="0" disabled="0" errors="0" time="0." timestamp="2026-06-10T13:00:26.854" name="AllTests">
  <testsuite name="NominalExpressions/ExpressionParameterizedTest" tests="1" failures="0" disabled="0" skipped="0" errors="0" time="0." timestamp="2026-06-10T13:00:26.854">
    <testcase name="EvaluatesExpression/expr_10_4" value_param="40-byte object &lt;90-A1 70-32 FF-55 00-00 04-00 00-00 00-00 00-00 31-30 2D-34 00-00 00-00 00-00 00-00 00-00 00-00 06-00 00-00 00-00 00-00&gt;" file="/workspace/tests/CalculatorParameterizedTest.cpp" line="14" status="run" result="completed" time="0." timestamp="2026-06-10T13:00:26.854" classname="NominalExpressions/ExpressionParameterizedTest" />
  </testsuite>
</testsuites>
