<?xml version="1.0" encoding="UTF-8"?>
<testsuites tests="1" failures="0" disabled="0" errors="0" time="0." timestamp="2026-06-10T12:48:06.723" name="AllTests">
  <testsuite name="ExpressionParserTest" tests="1" failures="0" disabled="0" skipped="0" errors="0" time="0." timestamp="2026-06-10T12:48:06.723">
    <testcase name="HandlesNegativeLeftOperand" file="/workspace/tests/ExpressionParserTest.cpp" line="16" status="run" result="completed" time="0." timestamp="2026-06-10T12:48:06.723" classname="ExpressionParserTest" />
  </testsuite>
</testsuites>
